<?xml version="1.0" encoding="UTF-8"?>
<!-- Generated by org.testng.reporters.JUnitReportReporter -->
<testsuite hostname="DESKTOP-NVQLMFJ" failures="0" tests="1" name="coverfoxTest.MainTestCoverfox" time="34.496" errors="0" timestamp="2024-01-20T13:20:42 IST" skipped="0">
  <testcase classname="coverfoxTest.MainTestCoverfox" name="validatingTC" time="34.496">
    <system-out>
      <![CDATA[ TC validatingTC execution is started
fetching number of result from text
fetching number of result from banner
 TC validatingTC is completed succesfull]]>
    </system-out>
  </testcase> <!-- validatingTC -->
  <system-out>
    <![CDATA[opening Browser
Clicking on next button
Clicking on next button
entering age
entering pincode
entering mobile number
Clicking on continue button
 TC validatingTC execution is started
fetching number of result from text
fetching number of result from banner
 TC validatingTC is completed succesfull]]>
  </system-out>
</testsuite> <!-- coverfoxTest.MainTestCoverfox -->
