<?xml version="1.0" encoding="UTF-8"?>
<!-- Generated by org.testng.reporters.JUnitReportReporter -->
<testsuite hostname="DESKTOP-NVQLMFJ" failures="0" tests="1" name="coverfoxTest.sorValida" time="20.409" errors="0" timestamp="2024-01-17T10:30:47 IST" skipped="0">
  <testcase classname="coverfoxTest.sorValida" name="sortCheck" time="20.409">
    <system-out>
      <![CDATA[ TC sortCheck execution is started
 TC sortCheck execution is started
Checking sort is displayed
TC sortCheck is completed succesfull
 TC sortCheck is completed succesfull]]>
    </system-out>
  </testcase> <!-- sortCheck -->
  <system-out>
    <![CDATA[opening Browser
Clicking on next button
Clicking on next button
entering age
entering pincode
entering mobile number
Clicking on continue button
 TC sortCheck execution is started
 TC sortCheck execution is started
Checking sort is displayed
TC sortCheck is completed succesfull
 TC sortCheck is completed succesfull
opening Browser
Clicking on next button
Clicking on next button
entering age
entering pincode
entering mobile number
Clicking on continue button
 TC validatingTC execution is started
 TC validatingTC execution is started
fetching number of result from text
fetching number of result from banner
TC validatingTC is completed succesfull
 TC validatingTC is completed succesfull]]>
  </system-out>
</testsuite> <!-- coverfoxTest.sorValida -->
