<?xml version="1.0" encoding="UTF-8"?>
<!-- Generated by org.testng.reporters.JUnitReportReporter -->
<testsuite hostname="DESKTOP-NVQLMFJ" failures="0" tests="1" name="coverfoxTest.sorValida" time="22.183" errors="0" timestamp="2024-01-26T12:27:59 IST" skipped="0">
  <testcase classname="coverfoxTest.sorValida" name="sortCheck" time="22.183">
    <system-out>
      <![CDATA[ TC sortCheck execution is started
 TC sortCheck execution is started
Checking sort is displayed
TC sortCheck is completed succesfull
 TC sortCheck is completed succesfull]]>
    </system-out>
  </testcase> <!-- sortCheck -->
  <system-out>
    <![CDATA[opening Browser
Clicking on next button
Clicking on next button
entering age
entering pincode
entering mobile number
Clicking on continue button
 TC sortCheck execution is started
 TC sortCheck execution is started
Checking sort is displayed
TC sortCheck is completed succesfull
 TC sortCheck is completed succesfull
opening Browser
Clicking on next button
Clicking on next button
entering age
entering pincode
 TC validatingTC execution is started
 TC validatingTC execution is started
TC validatingTC is skipped, please check dependent
 TC validatingTC is skipped, please check dependent]]>
  </system-out>
</testsuite> <!-- coverfoxTest.sorValida -->
